This is pdfTeX, Version 3.141592653-2.6-1.40.29 (MiKTeX 26.5) (preloaded format=pdflatex 2026.5.18)  18 MAY 2026 18:08
entering extended mode
 restricted \write18 enabled.
 file:line:error style messages enabled.
 %&-line parsing enabled.
**e:/SWJTU/ComputerVision/article/main.tex
(e:/SWJTU/ComputerVision/article/main.tex
LaTeX2e <2025-11-01>
L3 programming layer <2026-03-20>
(elsarticle.cls
Document Class: elsarticle 2024/04/04, 3.4: Elsevier Ltd
(D:\ProgramFiles\MiKTeX\tex/latex/base\fontenc.sty
Package: fontenc 2025/07/18 v2.1d Standard LaTeX package
) (D:\ProgramFiles\MiKTeX\tex/latex/l3kernel\expl3.sty
Package: expl3 2026-03-20 L3 programming layer (loader) 
 (D:\ProgramFiles\MiKTeX\tex/latex/l3backend\l3backend-pdftex.def
File: l3backend-pdftex.def 2026-02-18 L3 backend support: PDF output (pdfTeX)
\l__color_backend_stack_int=\count275
)) (D:\ProgramFiles\MiKTeX\tex/latex/l3packages/xparse\xparse.sty
Package: xparse 2025-10-09 L3 Experimental document command parser
) (D:\ProgramFiles\MiKTeX\tex/latex/etoolbox\etoolbox.sty
Package: etoolbox 2025/10/02 v2.5m e-TeX tools for LaTeX (JAW)
\etb@tempcnta=\count276
)
\@bls=\dimen150
 (D:\ProgramFiles\MiKTeX\tex/latex/base\article.cls
Document Class: article 2025/01/22 v1.4n Standard LaTeX document class
(D:\ProgramFiles\MiKTeX\tex/latex/base\size12.clo
File: size12.clo 2025/01/22 v1.4n Standard LaTeX file (size option)
)
\c@part=\count277
\c@section=\count278
\c@subsection=\count279
\c@subsubsection=\count280
\c@paragraph=\count281
\c@subparagraph=\count282
\c@figure=\count283
\c@table=\count284
\abovecaptionskip=\skip49
\belowcaptionskip=\skip50
\bibindent=\dimen151
) (D:\ProgramFiles\MiKTeX\tex/latex/graphics\graphicx.sty
Package: graphicx 2024/12/31 v1.2e Enhanced LaTeX Graphics (DPC,SPQR)
 (D:\ProgramFiles\MiKTeX\tex/latex/graphics\keyval.sty
Package: keyval 2022/05/29 v1.15 key=value parser (DPC)
\KV@toks@=\toks17
) (D:\ProgramFiles\MiKTeX\tex/latex/graphics\graphics.sty
Package: graphics 2024/08/06 v1.4g Standard LaTeX Graphics (DPC,SPQR)
 (D:\ProgramFiles\MiKTeX\tex/latex/graphics\trig.sty
Package: trig 2023/12/02 v1.11 sin cos tan (DPC)
) (D:\ProgramFiles\MiKTeX\tex/latex/graphics-cfg\graphics.cfg
File: graphics.cfg 2016/06/04 v1.11 sample graphics configuration
)
Package graphics Info: Driver file: pdftex.def on input line 106.
 (D:\ProgramFiles\MiKTeX\tex/latex/graphics-def\pdftex.def
File: pdftex.def 2025/09/29 v1.2d Graphics/color driver for pdftex
))
\Gin@req@height=\dimen152
\Gin@req@width=\dimen153
)
\c@tnote=\count285
\c@fnote=\count286
\c@cnote=\count287
\c@ead=\count288
\c@author=\count289
\@eadauthor=\toks18
\c@affn=\count290
\absbox=\box53
\elsarticlehighlightsbox=\box54
\elsarticlegrabsbox=\box55
\keybox=\box56
\Columnwidth=\dimen154
\space@left=\dimen155
\els@boxa=\box57
\els@boxb=\box58
\leftMargin=\dimen156
\@enLab=\toks19
\@sep=\skip51
\@@sep=\skip52
 (main.spl) (D:\ProgramFiles\MiKTeX\tex/latex/natbib\natbib.sty
Package: natbib 2010/09/13 8.31b (PWD, AO)
\bibhang=\skip53
\bibsep=\skip54
LaTeX Info: Redefining \cite on input line 694.
\c@NAT@ctr=\count291
)
\splwrite=\write3
\openout3 = `main.spl'.

\appnamewidth=\dimen157
) (D:\ProgramFiles\MiKTeX\tex/latex/amsfonts\amssymb.sty
Package: amssymb 2013/01/14 v3.01 AMS font symbols
 (D:\ProgramFiles\MiKTeX\tex/latex/amsfonts\amsfonts.sty
Package: amsfonts 2013/01/14 v3.01 Basic AMSFonts support
\@emptytoks=\toks20
\symAMSa=\mathgroup4
\symAMSb=\mathgroup5
LaTeX Font Info:    Redeclaring math symbol \hbar on input line 98.
LaTeX Font Info:    Overwriting math alphabet `\mathfrak' in version `bold'
(Font)                  U/euf/m/n --> U/euf/b/n on input line 106.
)) (D:\ProgramFiles\MiKTeX\tex/latex/amsmath\amsmath.sty
Package: amsmath 2025/07/09 v2.17z AMS math features
\@mathmargin=\skip55

For additional information on amsmath, use the `?' option.
(D:\ProgramFiles\MiKTeX\tex/latex/amsmath\amstext.sty
Package: amstext 2024/11/17 v2.01 AMS text
 (D:\ProgramFiles\MiKTeX\tex/latex/amsmath\amsgen.sty
File: amsgen.sty 1999/11/30 v2.0 generic functions
\@emptytoks=\toks21
\ex@=\dimen158
)) (D:\ProgramFiles\MiKTeX\tex/latex/amsmath\amsbsy.sty
Package: amsbsy 1999/11/29 v1.2d Bold Symbols
\pmbraise@=\dimen159
) (D:\ProgramFiles\MiKTeX\tex/latex/amsmath\amsopn.sty
Package: amsopn 2022/04/08 v2.04 operator names
)
\inf@bad=\count292
LaTeX Info: Redefining \frac on input line 233.
\uproot@=\count293
\leftroot@=\count294
LaTeX Info: Redefining \overline on input line 398.
LaTeX Info: Redefining \colon on input line 409.
\classnum@=\count295
\DOTSCASE@=\count296
LaTeX Info: Redefining \ldots on input line 495.
LaTeX Info: Redefining \dots on input line 498.
LaTeX Info: Redefining \cdots on input line 619.
\Mathstrutbox@=\box59
\strutbox@=\box60
LaTeX Info: Redefining \big on input line 721.
LaTeX Info: Redefining \Big on input line 722.
LaTeX Info: Redefining \bigg on input line 723.
LaTeX Info: Redefining \Bigg on input line 724.
\big@size=\dimen160
LaTeX Font Info:    Redeclaring font encoding OML on input line 742.
LaTeX Font Info:    Redeclaring font encoding OMS on input line 743.
\macc@depth=\count297
LaTeX Info: Redefining \bmod on input line 904.
LaTeX Info: Redefining \pmod on input line 909.
LaTeX Info: Redefining \smash on input line 939.
LaTeX Info: Redefining \relbar on input line 969.
LaTeX Info: Redefining \Relbar on input line 970.
\c@MaxMatrixCols=\count298
\dotsspace@=\muskip17
\c@parentequation=\count299
\dspbrk@lvl=\count300
\tag@help=\toks22
\row@=\count301
\column@=\count302
\maxfields@=\count303
\andhelp@=\toks23
\eqnshift@=\dimen161
\alignsep@=\dimen162
\tagshift@=\dimen163
\tagwidth@=\dimen164
\totwidth@=\dimen165
\lineht@=\dimen166
\@envbody=\toks24
\multlinegap=\skip56
\multlinetaggap=\skip57
\mathdisplay@stack=\toks25
LaTeX Info: Redefining \[ on input line 2950.
LaTeX Info: Redefining \] on input line 2951.
) (D:\ProgramFiles\MiKTeX\tex/latex/booktabs\booktabs.sty
Package: booktabs 2020/01/12 v1.61803398 Publication quality tables
\heavyrulewidth=\dimen167
\lightrulewidth=\dimen168
\cmidrulewidth=\dimen169
\belowrulesep=\dimen170
\belowbottomsep=\dimen171
\aboverulesep=\dimen172
\abovetopsep=\dimen173
\cmidrulesep=\dimen174
\cmidrulekern=\dimen175
\defaultaddspace=\dimen176
\@cmidla=\count304
\@cmidlb=\count305
\@aboverulesep=\dimen177
\@belowrulesep=\dimen178
\@thisruleclass=\count306
\@lastruleclass=\count307
\@thisrulewidth=\dimen179
) (D:\ProgramFiles\MiKTeX\tex/latex/tools\tabularx.sty
Package: tabularx 2023/12/11 v2.12a `tabularx' package (DPC)
 (D:\ProgramFiles\MiKTeX\tex/latex/tools\array.sty
Package: array 2025/09/25 v2.6n Tabular extension package (FMi)
\col@sep=\dimen180
\ar@mcellbox=\box61
\extrarowheight=\dimen181
\NC@list=\toks26
\extratabsurround=\skip58
\backup@length=\skip59
\ar@cellbox=\box62
)
\TX@col@width=\dimen182
\TX@old@table=\dimen183
\TX@old@col=\dimen184
\TX@target=\dimen185
\TX@delta=\dimen186
\TX@cols=\count308
\TX@ftn=\toks27
) (D:\ProgramFiles\MiKTeX\tex/latex/url\url.sty
\Urlmuskip=\muskip18
Package: url 2013/09/16  ver 3.4  Verb mode for urls, etc.
) (D:\ProgramFiles\MiKTeX\tex/latex/hyperref\hyperref.sty
Package: hyperref 2026-04-24 v7.01q Hypertext links for LaTeX
 (D:\ProgramFiles\MiKTeX\tex/generic/iftex\iftex.sty
Package: iftex 2024/12/12 v1.0g TeX engine tests
) (D:\ProgramFiles\MiKTeX\tex/latex/kvsetkeys\kvsetkeys.sty
Package: kvsetkeys 2022-10-05 v1.19 Key value parser (HO)
) (D:\ProgramFiles\MiKTeX\tex/generic/kvdefinekeys\kvdefinekeys.sty
Package: kvdefinekeys 2019-12-19 v1.6 Define keys (HO)
) (D:\ProgramFiles\MiKTeX\tex/generic/pdfescape\pdfescape.sty
Package: pdfescape 2019/12/09 v1.15 Implements pdfTeX's escape features (HO)
 (D:\ProgramFiles\MiKTeX\tex/generic/ltxcmds\ltxcmds.sty
Package: ltxcmds 2023-12-04 v1.26 LaTeX kernel commands for general use (HO)
) (D:\ProgramFiles\MiKTeX\tex/generic/pdftexcmds\pdftexcmds.sty
Package: pdftexcmds 2020-06-27 v0.33 Utility functions of pdfTeX for LuaTeX (HO)
 (D:\ProgramFiles\MiKTeX\tex/generic/infwarerr\infwarerr.sty
Package: infwarerr 2019/12/03 v1.5 Providing info/warning/error messages (HO)
)
Package pdftexcmds Info: \pdf@primitive is available.
Package pdftexcmds Info: \pdf@ifprimitive is available.
Package pdftexcmds Info: \pdfdraftmode found.
)) (D:\ProgramFiles\MiKTeX\tex/latex/hycolor\hycolor.sty
Package: hycolor 2020-01-27 v1.10 Color options for hyperref/bookmark (HO)
) (D:\ProgramFiles\MiKTeX\tex/latex/hyperref\nameref.sty
Package: nameref 2026-01-29 v2.58 Cross-referencing by name of section
 (D:\ProgramFiles\MiKTeX\tex/latex/refcount\refcount.sty
Package: refcount 2019/12/15 v3.6 Data extraction from label references (HO)
) (D:\ProgramFiles\MiKTeX\tex/generic/gettitlestring\gettitlestring.sty
Package: gettitlestring 2019/12/15 v1.6 Cleanup title references (HO)
 (D:\ProgramFiles\MiKTeX\tex/latex/kvoptions\kvoptions.sty
Package: kvoptions 2022-06-15 v3.15 Key value format for package options (HO)
))
\c@section@level=\count309
) (D:\ProgramFiles\MiKTeX\tex/generic/stringenc\stringenc.sty
Package: stringenc 2019/11/29 v1.12 Convert strings between diff. encodings (HO)
)
\@linkdim=\dimen187
\Hy@linkcounter=\count310
\Hy@pagecounter=\count311
 (D:\ProgramFiles\MiKTeX\tex/latex/hyperref\pd1enc.def
File: pd1enc.def 2026-04-24 v7.01q Hyperref: PDFDocEncoding definition (HO)
Now handling font encoding PD1 ...
... no UTF-8 mapping file for font encoding PD1
) (D:\ProgramFiles\MiKTeX\tex/generic/intcalc\intcalc.sty
Package: intcalc 2019/12/15 v1.3 Expandable calculations with integers (HO)
)
\Hy@SavedSpaceFactor=\count312
 (D:\ProgramFiles\MiKTeX\tex/latex/hyperref\puenc.def
File: puenc.def 2026-04-24 v7.01q Hyperref: PDF Unicode definition (HO)
Now handling font encoding PU ...
... no UTF-8 mapping file for font encoding PU
)
Package hyperref Info: Hyper figures OFF on input line 4199.
Package hyperref Info: Link nesting OFF on input line 4204.
Package hyperref Info: Hyper index ON on input line 4207.
Package hyperref Info: Plain pages OFF on input line 4214.
Package hyperref Info: Backreferencing OFF on input line 4219.
Package hyperref Info: Implicit mode ON; LaTeX internals redefined.
Package hyperref Info: Bookmarks ON on input line 4466.
\c@Hy@tempcnt=\count313
LaTeX Info: Redefining \url on input line 4805.
\XeTeXLinkMargin=\dimen188
 (D:\ProgramFiles\MiKTeX\tex/generic/bitset\bitset.sty
Package: bitset 2019/12/09 v1.3 Handle bit-vector datatype (HO)
 (D:\ProgramFiles\MiKTeX\tex/generic/bigintcalc\bigintcalc.sty
Package: bigintcalc 2019/12/15 v1.5 Expandable calculations on big integers (HO)
))
\Fld@menulength=\count314
\Field@Width=\dimen189
\Fld@charsize=\dimen190
Package hyperref Info: Hyper figures OFF on input line 6091.
Package hyperref Info: Link nesting OFF on input line 6096.
Package hyperref Info: Hyper index ON on input line 6099.
Package hyperref Info: backreferencing OFF on input line 6106.
Package hyperref Info: Link coloring OFF on input line 6111.
Package hyperref Info: Link coloring with OCG OFF on input line 6116.
Package hyperref Info: PDF/A mode OFF on input line 6121.
\Hy@abspage=\count315
\c@Item=\count316
\c@Hfootnote=\count317
)
Package hyperref Info: Driver (autodetected): hpdftex.
 (D:\ProgramFiles\MiKTeX\tex/latex/hyperref\hpdftex.def
File: hpdftex.def 2026-04-24 v7.01q Hyperref driver for pdfTeX
\Fld@listcount=\count318
\c@bookmark@seq@number=\count319
 (D:\ProgramFiles\MiKTeX\tex/latex/rerunfilecheck\rerunfilecheck.sty
Package: rerunfilecheck 2025-06-21 v1.11 Rerun checks for auxiliary files (HO)
 (D:\ProgramFiles\MiKTeX\tex/generic/uniquecounter\uniquecounter.sty
Package: uniquecounter 2019/12/15 v1.4 Provide unlimited unique counter (HO)
)
Package uniquecounter Info: New unique counter `rerunfilecheck' on input line 284.
)
\Hy@SectionHShift=\skip60
) (main.aux)
\openout1 = `main.aux'.

LaTeX Font Info:    Checking defaults for OML/cmm/m/it on input line 21.
LaTeX Font Info:    ... okay on input line 21.
LaTeX Font Info:    Checking defaults for OMS/cmsy/m/n on input line 21.
LaTeX Font Info:    ... okay on input line 21.
LaTeX Font Info:    Checking defaults for OT1/cmr/m/n on input line 21.
LaTeX Font Info:    ... okay on input line 21.
LaTeX Font Info:    Checking defaults for T1/cmr/m/n on input line 21.
LaTeX Font Info:    ... okay on input line 21.
LaTeX Font Info:    Checking defaults for TS1/cmr/m/n on input line 21.
LaTeX Font Info:    ... okay on input line 21.
LaTeX Font Info:    Checking defaults for OMX/cmex/m/n on input line 21.
LaTeX Font Info:    ... okay on input line 21.
LaTeX Font Info:    Checking defaults for U/cmr/m/n on input line 21.
LaTeX Font Info:    ... okay on input line 21.
LaTeX Font Info:    Checking defaults for PD1/pdf/m/n on input line 21.
LaTeX Font Info:    ... okay on input line 21.
LaTeX Font Info:    Checking defaults for PU/pdf/m/n on input line 21.
LaTeX Font Info:    ... okay on input line 21.
 (D:\ProgramFiles\MiKTeX\tex/context/base/mkii\supp-pdf.mkii
[Loading MPS to PDF converter (version 2006.09.02).]
\scratchcounter=\count320
\scratchdimen=\dimen191
\scratchbox=\box63
\nofMPsegments=\count321
\nofMParguments=\count322
\everyMPshowfont=\toks28
\MPscratchCnt=\count323
\MPscratchDim=\dimen192
\MPnumerator=\count324
\makeMPintoPDFobject=\count325
\everyMPtoPDFconversion=\toks29
) (D:\ProgramFiles\MiKTeX\tex/latex/epstopdf-pkg\epstopdf-base.sty
Package: epstopdf-base 2020-01-24 v2.11 Base part for package epstopdf
Package epstopdf-base Info: Redefining graphics rule for `.eps' on input line 485.
 (D:\ProgramFiles\MiKTeX\tex/latex/00miktex\epstopdf-sys.cfg
File: epstopdf-sys.cfg 2021/03/18 v2.0 Configuration of epstopdf for MiKTeX
))
Package hyperref Info: Link coloring OFF on input line 21.
 (main.out) (main.out)
\@outlinefile=\write4
\openout4 = `main.out'.


Overfull \hbox (13.63466pt too wide) in paragraph at lines 39--39
\T1/cmr/bx/n/12 Open-Vocabulary and Rea-son-ing Seg-men-ta-tion with Vision-Language
 []

[1

{C:/Users/YuqiZhang/AppData/Local/MiKTeX/fonts/map/pdftex/pdftex.map}]
LaTeX Font Info:    Trying to load font information for U+msa on input line 49.
 (D:\ProgramFiles\MiKTeX\tex/latex/amsfonts\umsa.fd
File: umsa.fd 2013/01/14 v3.01 AMS symbols A
)
LaTeX Font Info:    Trying to load font information for U+msb on input line 49.
 (D:\ProgramFiles\MiKTeX\tex/latex/amsfonts\umsb.fd
File: umsb.fd 2013/01/14 v3.01 AMS symbols B
) (section/01_introduction.tex
pdfTeX warning (ext4): destination with the same identifier (name{page.1}) has been already used, duplicate ignored
<to be read again> 
                   \relax 
l.11 
      [1


]) (section/02_background_objective.tex [2]
Overfull \hbox (0.39212pt too wide) in paragraph at lines 34--35
[]\T1/cmr/m/n/12 Writing plan: in-tro-duce the shift from cat-e-gory names to com-plex natural-
 []

[3]) (section/03_method_taxonomy.tex [4] [5] [6] [7]) (section/04_datasets_metrics.tex
Underfull \hbox (badness 10000) in paragraph at lines 24--24
[]|\T1/cmr/m/n/10.95 Promptable seg-
 []


Underfull \hbox (badness 10000) in paragraph at lines 24--24
\T1/cmr/m/n/10.95 agnostic mask
 []


Underfull \hbox (badness 6542) in paragraph at lines 24--24
\T1/cmr/m/n/10.95 Net, Tri-dent ([]Xu
 []


Underfull \hbox (badness 7631) in paragraph at lines 24--24
\T1/cmr/m/n/10.95 et al.[], []2025[]; []Shi
 []


Underfull \hbox (badness 1019) in paragraph at lines 24--24
[]|\T1/cmr/m/n/10.95 Rich scene cat-e-
 []


Underfull \hbox (badness 2591) in paragraph at lines 24--24
\T1/cmr/m/n/10.95 gories for open-
 []


Underfull \hbox (badness 1681) in paragraph at lines 24--24
[]|\T1/cmr/m/n/10.95 Semantic seg-men-
 []


Underfull \hbox (badness 10000) in paragraph at lines 24--24
[]|\T1/cmr/m/n/10.95 OVSS meth-ods
 []


Underfull \hbox (badness 3590) in paragraph at lines 24--24
[]\T1/cmr/m/n/10.95 Xu et al.[], []2023b[];
 []


Underfull \hbox (badness 10000) in paragraph at lines 24--24
[]|\T1/cmr/m/n/10.95 Compact and
 []


Underfull \hbox (badness 10000) in paragraph at lines 24--24
\T1/cmr/m/n/10.95 com-mon zero-
 []


Underfull \hbox (badness 1681) in paragraph at lines 24--24
[]|\T1/cmr/m/n/10.95 Semantic seg-men-
 []


Underfull \hbox (badness 10000) in paragraph at lines 24--24
[]|\T1/cmr/m/n/10.95 OVSS meth-ods
 []


Underfull \hbox (badness 10000) in paragraph at lines 24--24
[]|\T1/cmr/m/n/10.95 Broader dense
 []


Underfull \hbox (badness 10000) in paragraph at lines 24--24
\T1/cmr/m/n/10.95 se-man-tic la-bels
 []


Underfull \hbox (badness 1681) in paragraph at lines 24--24
[]|\T1/cmr/m/n/10.95 Semantic seg-men-
 []


Underfull \hbox (badness 10000) in paragraph at lines 24--24
\T1/cmr/m/n/10.95 eval-u-a-tion ([]Xu
 []


Underfull \hbox (badness 10000) in paragraph at lines 24--24
[]|\T1/cmr/m/n/10.95 Stuff cat-e-gories
 []


Underfull \hbox (badness 1460) in paragraph at lines 24--24
\T1/cmr/m/n/10.95 and dense scene
 []


Underfull \hbox (badness 3118) in paragraph at lines 24--24
[]|\T1/cmr/m/n/10.95 Panoptic seg-men-
 []


Underfull \hbox (badness 3657) in paragraph at lines 24--24
[]|\T1/cmr/m/n/10.95 ODISE, X-Decoder
 []


Underfull \hbox (badness 1817) in paragraph at lines 24--24
\T1/cmr/m/n/10.95 ([]Xu et al.[], []2023a[];
 []


Underfull \hbox (badness 2753) in paragraph at lines 24--24
[]|\T1/cmr/m/n/10.95 Joint thing and
 []


Underfull \hbox (badness 1442) in paragraph at lines 41--41
\T1/cmr/m/n/10.95 f-COCO+ / Re-f-
 []


Underfull \hbox (badness 10000) in paragraph at lines 41--41
[]\T1/cmr/m/n/10.95 2024[]; []Rasheed
 []


Underfull \hbox (badness 2617) in paragraph at lines 41--41
\T1/cmr/m/n/10.95 et al.[], []2024[]; []Zou
 []


Underfull \hbox (badness 10000) in paragraph at lines 41--41
[]|\T1/cmr/m/n/10.95 Language-
 []


Underfull \hbox (badness 10000) in paragraph at lines 41--41
\T1/cmr/m/n/10.95 guided ob-ject
 []


Underfull \hbox (badness 10000) in paragraph at lines 41--41
[]|\T1/cmr/m/n/10.95 Reasoning seg-
 []


Underfull \hbox (badness 1953) in paragraph at lines 41--41
[]|\T1/cmr/m/n/10.95 LISA ([]Lai et al.[],
 []


Underfull \hbox (badness 10000) in paragraph at lines 41--41
[]|\T1/cmr/m/n/10.95 Complex im-
 []


Underfull \hbox (badness 10000) in paragraph at lines 41--41
\T1/cmr/m/n/10.95 plicit queries
 []


Underfull \hbox (badness 10000) in paragraph at lines 41--41
\T1/cmr/m/n/10.95 re-quir-ing rea-
 []


Underfull \hbox (badness 2753) in paragraph at lines 41--41
[]|\T1/cmr/m/n/10.95 GLaMM ([]Rasheed
 []


Underfull \hbox (badness 10000) in paragraph at lines 41--41
[]|\T1/cmr/m/n/10.95 Phrase-level
 []


Underfull \hbox (badness 10000) in paragraph at lines 41--41
\T1/cmr/m/n/10.95 masks for
 []


Underfull \hbox (badness 10000) in paragraph at lines 41--41
\T1/cmr/m/n/10.95 gen-er-ated re-
 []


Underfull \hbox (badness 10000) in paragraph at lines 41--41
[]|\T1/cmr/m/n/10.95 Video rea-son-ing
 []


Underfull \hbox (badness 10000) in paragraph at lines 41--41
[]|\T1/cmr/m/n/10.95 Video rea-son-ing
 []

[8] [9]) (section/05_comparison.tex [10]
Underfull \hbox (badness 10000) in paragraph at lines 21--21
[]|\T1/cmr/m/n/10.95 Representative pa-
 []


Underfull \hbox (badness 10000) in paragraph at lines 21--21
[]|\T1/cmr/m/n/10.95 CLIP-based
 []


Underfull \hbox (badness 10000) in paragraph at lines 21--21
[]\T1/cmr/m/n/10.95 2023[]; []Xu et al.[],
 []


Underfull \hbox (badness 1655) in paragraph at lines 21--21
[]\T1/cmr/m/n/10.95 2023b[]; []Luo et al.[],
 []


Underfull \hbox (badness 10000) in paragraph at lines 21--21
[]|\T1/cmr/m/n/10.95 Strong open-
 []


Underfull \hbox (badness 10000) in paragraph at lines 21--21
\T1/cmr/m/n/10.95 vocabulary
 []


Underfull \hbox (badness 10000) in paragraph at lines 21--21
\T1/cmr/m/n/10.95 se-man-tics and
 []


Underfull \hbox (badness 2626) in paragraph at lines 21--21
\T1/cmr/m/n/10.95 prompt sen-si-tiv-
 []


Underfull \hbox (badness 10000) in paragraph at lines 21--21
[]|\T1/cmr/m/n/10.95 Diffusion-based
 []


Underfull \hbox (badness 10000) in paragraph at lines 21--21
\T1/cmr/m/n/10.95 pro-vide rich
 []


Underfull \hbox (badness 10000) in paragraph at lines 21--21
\T1/cmr/m/n/10.95 spatial-semantic
 []


Underfull \hbox (badness 10000) in paragraph at lines 21--21
\T1/cmr/m/n/10.95 rep-re-sen-ta-tions
 []


Underfull \hbox (badness 10000) in paragraph at lines 21--21
\T1/cmr/m/n/10.95 and sup-port
 []


Underfull \hbox (badness 2671) in paragraph at lines 21--21
\T1/cmr/m/n/10.95 and the sys-tem
 []


Underfull \hbox (badness 3302) in paragraph at lines 21--21
\T1/cmr/m/n/10.95 than lightweight
 []


Underfull \hbox (badness 6364) in paragraph at lines 21--21
[]\T1/cmr/m/n/10.95 2023[]; []Lee et al.[],
 []


Underfull \hbox (badness 7631) in paragraph at lines 21--21
[]\T1/cmr/m/n/10.95 2025[]; []Shi et al.[],
 []


Underfull \hbox (badness 10000) in paragraph at lines 21--21
[]|\T1/cmr/m/n/10.95 High-quality
 []


Underfull \hbox (badness 10000) in paragraph at lines 21--21
\T1/cmr/m/n/10.95 gen-er-al-iza-tion
 []


Underfull \hbox (badness 1281) in paragraph at lines 21--21
\T1/cmr/m/n/10.95 or com-po-si-tional
 []


Underfull \hbox (badness 1077) in paragraph at lines 21--21
\T1/cmr/m/n/10.95 foun-da-tion mod-
 []


Underfull \hbox (badness 5681) in paragraph at lines 21--21
[]|\T1/cmr/m/n/10.95 Native se-man-tic
 []


Underfull \hbox (badness 10000) in paragraph at lines 21--21
\T1/cmr/m/n/10.95 un-der-stand-ing
 []


Underfull \hbox (badness 5490) in paragraph at lines 21--21
\T1/cmr/m/n/10.95 is lim-ited; ad-
 []


Underfull \hbox (badness 10000) in paragraph at lines 21--21
\T1/cmr/m/n/10.95 di-tional CLIP,
 []


Underfull \hbox (badness 10000) in paragraph at lines 21--21
\T1/cmr/m/n/10.95 com-po-nents are
 []


Underfull \hbox (badness 10000) in paragraph at lines 37--37
[]|\T1/cmr/m/n/10.95 Representative pa-
 []


Underfull \hbox (badness 10000) in paragraph at lines 37--37
[]|\T1/cmr/m/n/10.95 X-Decoder ([]Zou
 []


Underfull \hbox (badness 10000) in paragraph at lines 37--37
\T1/cmr/m/n/10.95 lan-guage tasks
 []


Underfull \hbox (badness 10000) in paragraph at lines 37--37
[]|\T1/cmr/m/n/10.95 MLLM-based
 []


Underfull \hbox (badness 10000) in paragraph at lines 37--37
\T1/cmr/m/n/10.95 rea-son-ing seg-
 []


Underfull \hbox (badness 10000) in paragraph at lines 37--37
\T1/cmr/m/n/10.95 language in-
 []


Underfull \hbox (badness 10000) in paragraph at lines 37--37
\T1/cmr/m/n/10.95 struc-tions,
 []


Underfull \hbox (badness 10000) in paragraph at lines 37--37
\T1/cmr/m/n/10.95 com-mon-sense
 []


Underfull \hbox (badness 10000) in paragraph at lines 37--37
\T1/cmr/m/n/10.95 rea-son-ing, and
 []


Underfull \hbox (badness 10000) in paragraph at lines 37--37
\T1/cmr/m/n/10.95 pixel ground-ing
 []


Underfull \hbox (badness 10000) in paragraph at lines 37--37
[]|\T1/cmr/m/n/10.95 Hallucination,
 []


Underfull \hbox (badness 10000) in paragraph at lines 37--37
\T1/cmr/m/n/10.95 fine bound-ary
 []


Underfull \hbox (badness 5345) in paragraph at lines 37--37
\T1/cmr/m/n/10.95 ac-cu-racy, heavy
 []


Underfull \hbox (badness 10000) in paragraph at lines 37--37
\T1/cmr/m/n/10.95 train-ing cost,
 []


Underfull \hbox (badness 10000) in paragraph at lines 37--37
\T1/cmr/m/n/10.95 and eval-u-a-tion
 []


Underfull \hbox (badness 10000) in paragraph at lines 37--37
\T1/cmr/m/n/10.95 complex-scene
 []


Underfull \hbox (badness 10000) in paragraph at lines 37--37
[]|\T1/cmr/m/n/10.95 Closer to real
 []


Underfull \hbox (badness 10000) in paragraph at lines 37--37
\T1/cmr/m/n/10.95 mem-ory, com-
 []


Underfull \hbox (badness 10000) in paragraph at lines 37--37
\T1/cmr/m/n/10.95 pu-ta-tion, and
 []


Underfull \hbox (badness 6825) in paragraph at lines 37--37
\T1/cmr/m/n/10.95 than in single-
 []

[11]) (section/06_challenges_future.tex
Overfull \hbox (2.08897pt too wide) in paragraph at lines 6--7
[]\T1/cmr/m/n/12 Writing plan: ar-gue that rec-og-niz-ing un-seen cat-e-gory names is not enough.
 []

[12]
Overfull \hbox (4.23688pt too wide) in paragraph at lines 14--15
[]\T1/cmr/m/n/12 Writing plan: dis-cuss hal-lu-ci-na-tion and faith-ful-ness in LISA- and GLaMM-
 []

) (section/07_conclusion.tex) [13] (main.bbl [14]) [15] (main.aux)
 ***********
LaTeX2e <2025-11-01>
L3 programming layer <2026-03-20>
 ***********
Package rerunfilecheck Info: File `main.out' has not changed.
(rerunfilecheck)             Checksum: 1688C082EA8735C7C47C604F3D0AFF4D;14707.
 ) 
Here is how much of TeX's memory you used:
 11225 strings out of 467691
 169960 string characters out of 5425557
 594101 words of memory out of 5000000
 40024 multiletter control sequences out of 15000+600000
 640225 words of font info for 73 fonts, out of 8000000 for 9000
 1141 hyphenation exceptions out of 8191
 75i,10n,79p,690b,572s stack positions out of 10000i,1000n,20000p,200000b,200000s
 <C:\Users\YuqiZhang\AppData\Local\MiKTeX\fonts/pk/ljfour/jknappen/ec/dpi600\ecrm1095.pk> <C:\Users\YuqiZhang\AppData\Local\MiKTeX\fonts/pk/ljfour/jknappen/ec/dpi600\ecrm1000.pk> <C:\Users\YuqiZhang\AppData\Local\MiKTeX\fonts/pk/ljfour/jknappen/ec/dpi600\ecti1200.pk> <C:\Users\YuqiZhang\AppData\Local\MiKTeX\fonts/pk/ljfour/jknappen/ec/dpi600\ecti1000.pk> <C:\Users\YuqiZhang\AppData\Local\MiKTeX\fonts/pk/ljfour/jknappen/ec/dpi600\tcrm1200.pk> <C:\Users\YuqiZhang\AppData\Local\MiKTeX\fonts/pk/ljfour/jknappen/ec/dpi600\ecrm1200.pk> <C:\Users\YuqiZhang\AppData\Local\MiKTeX\fonts/pk/ljfour/jknappen/ec/dpi600\ecbx1200.pk> <C:\Users\YuqiZhang\AppData\Local\MiKTeX\fonts/pk/ljfour/jknappen/ec/dpi600\ecrm1728.pk>
Output written on main.pdf (16 pages, 238789 bytes).
PDF statistics:
 1056 PDF objects out of 1200 (max. 8388607)
 101 named destinations out of 1000 (max. 500000)
 473 words of extra memory for PDF output out of 10000 (max. 10000000)

